Start testing: Aug 24 13:36 -03
----------------------------------------------------------
1/10 Testing: test_lexer_config
1/10 Test: test_lexer_config
Command: "/Users/Guilherme/CLionProjects/CompialdorC_v2/build/src/lexer/tests/test_lexer_config"
Directory: /Users/Guilherme/CLionProjects/CompialdorC_v2/build/src/lexer/tests
"test_lexer_config" start time: Aug 24 13:36 -03
Output:
----------------------------------------------------------
=== INICIANDO TESTES DA LEXERCONFIG ===

=== Teste de Construção Básica ===
[PASS] Versão padrão é C89
[PASS] Keywords não estão vazias
[INFO] C89 tem 0 features habilitadas

=== Teste de Gerenciamento de Versão ===
[PASS] Definir versão C99
[PASS] Definir versão C11
[PASS] Definir versão C23

=== Teste de Palavras-chave Básicas ===
[PASS] 'int' é palavra-chave
[PASS] 'char' é palavra-chave
[PASS] 'float' é palavra-chave
[PASS] 'double' é palavra-chave
[PASS] 'void' é palavra-chave
[PASS] 'if' é palavra-chave
[PASS] 'else' é palavra-chave
[PASS] 'while' é palavra-chave
[PASS] 'for' é palavra-chave
[PASS] 'return' é palavra-chave
[PASS] 'myVariable' não é palavra-chave
[PASS] 'function_name' não é palavra-chave

=== Teste de Palavras-chave por Versão ===
[PASS] C99: 'inline' é palavra-chave
[PASS] C99: 'restrict' é palavra-chave
[PASS] C99: '_Bool' é palavra-chave
[PASS] C11: '_Atomic' é palavra-chave
[PASS] C11: '_Static_assert' é palavra-chave
[PASS] C11: '_Thread_local' é palavra-chave

=== Teste de Gerenciamento de Features ===
[PASS] Feature ATOMIC_OPERATIONS habilitada
[PASS] Feature ATOMIC_OPERATIONS desabilitada
[PASS] Todas as features desabilitadas

=== Teste de Funções Utilitárias ===
[PASS] Conversão C89 para string
[PASS] Conversão C99 para string
[PASS] Conversão C11 para string
[PASS] Conversão C17 para string
[PASS] Conversão C23 para string
[PASS] Conversão string para C89
[PASS] Conversão string para C99
[PASS] Conversão string para C11
[PASS] Conversão string para C17
[PASS] Conversão string para C23

=== Teste de Operadores de Comparação ===
[PASS] Configurações iguais
[PASS] Operador != com configurações iguais
[PASS] Configurações diferentes
[PASS] Operador == com configurações diferentes

=== TODOS OS TESTES PASSARAM! ===
<end of output>
Test time =   0.01 sec
----------------------------------------------------------
Test Passed.
"test_lexer_config" end time: Aug 24 13:36 -03
"test_lexer_config" time elapsed: 00:00:00
----------------------------------------------------------

2/10 Testing: test_symbol_table
2/10 Test: test_symbol_table
Command: "/Users/Guilherme/CLionProjects/CompialdorC_v2/build/src/lexer/tests/test_symbol_table"
Directory: /Users/Guilherme/CLionProjects/CompialdorC_v2/build/src/lexer/tests
"test_symbol_table" start time: Aug 24 13:36 -03
Output:
----------------------------------------------------------
=== Testes da SymbolTable (Fase 2.1) ===

Testando construção básica... ✓
Testando inserção e busca... ✓
Testando adição de ocorrências... ✓
Testando detecção de palavras-chave... ✓
Testando integração com LexerConfig... ✓
Testando obtenção de todos os símbolos... ✓
Testando limpeza da tabela... ✓
Testando fator de carga e rehash... ✓
Testando impressão de estatísticas... ✓

✅ Todos os testes da SymbolTable passaram com sucesso!
🎉 Fase 2.1 implementada corretamente!
<end of output>
Test time =   0.01 sec
----------------------------------------------------------
Test Passed.
"test_symbol_table" end time: Aug 24 13:36 -03
"test_symbol_table" time elapsed: 00:00:00
----------------------------------------------------------

3/10 Testing: test_lookahead_buffer
3/10 Test: test_lookahead_buffer
Command: "/Users/Guilherme/CLionProjects/CompialdorC_v2/build/src/lexer/tests/test_lookahead_buffer"
Directory: /Users/Guilherme/CLionProjects/CompialdorC_v2/build/src/lexer/tests
"test_lookahead_buffer" start time: Aug 24 13:36 -03
Output:
----------------------------------------------------------
=== Testes do LookaheadBuffer ===

Testando construtor... PASSOU
Testando construtor com tamanho inválido... PASSOU
Testando peek básico... PASSOU
Testando peek com offset inválido... PASSOU
Testando peek além do EOF... PASSOU
Testando consume básico... PASSOU
Testando consume em stream vazio... PASSOU
Testando putback... PASSOU
Testando putback múltiplo... PASSOU
Testando hasMore... PASSOU
Testando clear... PASSOU
Testando buffer pequeno com texto longo... PASSOU
Testando peek e consume intercalados... PASSOU
Testando expansão automática do buffer... PASSOU

=== TODOS OS TESTES PASSARAM! ===
<end of output>
Test time =   0.00 sec
----------------------------------------------------------
Test Passed.
"test_lookahead_buffer" end time: Aug 24 13:36 -03
"test_lookahead_buffer" time elapsed: 00:00:00
----------------------------------------------------------

4/10 Testing: test_lexer_logger
4/10 Test: test_lexer_logger
Command: "/Users/Guilherme/CLionProjects/CompialdorC_v2/build/src/lexer/tests/test_lexer_logger"
Directory: /Users/Guilherme/CLionProjects/CompialdorC_v2/build/src/lexer/tests
"test_lexer_logger" start time: Aug 24 13:36 -03
Output:
----------------------------------------------------------
=== Iniciando Testes do LexerLogger ===
Testando construtor do LexerLogger...
✓ Construtor funcionando corretamente
Testando setLogLevel()...
✓ setLogLevel funcionando corretamente
Testando controle de saída no console...
✓ Controle de console funcionando corretamente
Testando saída para arquivo...
[2025-08-24 13:36:18.988] [INFO] Teste de escrita no arquivo
✓ Saída para arquivo funcionando corretamente
Testando níveis de log...
✓ Níveis de log funcionando corretamente
Testando logToken()...
✓ logToken funcionando corretamente
Testando logStateTransition()...
✓ logStateTransition funcionando corretamente
Testando funções utilitárias...
✓ Funções utilitárias funcionando corretamente
Testando cenário completo de logging...
[2025-08-24 13:36:18.989] [INFO] Iniciando análise léxica
[2025-08-24 13:36:18.990] [DEBUG] Token gerado: [Tipo: 23, Lexeme: 'int', Posição: (1,1)]
[2025-08-24 13:36:18.990] [DEBUG] Transição de estado: PROCESSING -> NEXT_TOKEN
[2025-08-24 13:36:18.990] [DEBUG] Token gerado: [Tipo: 2, Lexeme: 'main', Posição: (1,1)]
[2025-08-24 13:36:18.990] [DEBUG] Transição de estado: PROCESSING -> NEXT_TOKEN
[2025-08-24 13:36:18.990] [DEBUG] Token gerado: [Tipo: 95, Lexeme: '(', Posição: (1,1)]
[2025-08-24 13:36:18.990] [DEBUG] Transição de estado: PROCESSING -> NEXT_TOKEN
[2025-08-24 13:36:18.990] [DEBUG] Token gerado: [Tipo: 96, Lexeme: ')', Posição: (1,1)]
[2025-08-24 13:36:18.990] [DEBUG] Transição de estado: PROCESSING -> NEXT_TOKEN
[2025-08-24 13:36:18.990] [INFO] Análise léxica concluída
✓ Cenário completo funcionando corretamente

=== Todos os testes do LexerLogger passaram! ===
<end of output>
Test time =   0.01 sec
----------------------------------------------------------
Test Passed.
"test_lexer_logger" end time: Aug 24 13:36 -03
"test_lexer_logger" time elapsed: 00:00:00
----------------------------------------------------------

5/10 Testing: test_states
5/10 Test: test_states
Command: "/Users/Guilherme/CLionProjects/CompialdorC_v2/build/src/lexer/tests/test_states"
Directory: /Users/Guilherme/CLionProjects/CompialdorC_v2/build/src/lexer/tests
"test_states" start time: Aug 24 13:36 -03
Output:
----------------------------------------------------------
=== INICIANDO TESTES DA MÁQUINA DE ESTADOS ===

=== Testando Funções Utilitárias ===
[PASS] Funções Utilitárias

=== Testando Construtores da StateMachine ===
[PASS] Construtores da StateMachine

=== Testando Métodos Básicos de Estado ===
[PASS] Métodos Básicos de Estado

=== Testando Transições de Identificadores ===
[PASS] Transições de Identificadores

=== Testando Transições de Números Inteiros ===
[PASS] Transições de Números Inteiros

=== Testando Transições de Números Float ===
[PASS] Transições de Números Float

=== Testando Transições de Strings ===
[PASS] Transições de Strings

=== Testando Transições de Caracteres ===
[PASS] Transições de Caracteres

=== Testando Transições de Operadores ===
[PASS] Transições de Operadores

=== Testando Transições de Comentários ===
[PASS] Transições de Comentários

=== Testando Transições de Delimitadores ===
[PASS] Transições de Delimitadores

=== Testando Métodos de Verificação de Estado ===
[PASS] Métodos de Verificação de Estado

=== Testando Métodos Utilitários e Debug ===
[PASS] Métodos Utilitários e Debug

=== Testando Cenário Completo ===
[PASS] Cenário Completo

=== TODOS OS TESTES PASSARAM COM SUCESSO! ===
<end of output>
Test time =   0.01 sec
----------------------------------------------------------
Test Passed.
"test_states" end time: Aug 24 13:36 -03
"test_states" time elapsed: 00:00:00
----------------------------------------------------------

6/10 Testing: test_lexer
6/10 Test: test_lexer
Command: "/Users/Guilherme/CLionProjects/CompialdorC_v2/build/src/lexer/tests/test_lexer"
Directory: /Users/Guilherme/CLionProjects/CompialdorC_v2/build/src/lexer/tests
"test_lexer" start time: Aug 24 13:36 -03
Output:
----------------------------------------------------------
=== Testes da Fase 4.1 - LexerMain ===
Testando construtor e destrutor... PASSOU
Testando nextToken()... PASSOU
Testando hasMoreTokens()... PASSOU
Testando getCurrentPosition()... PASSOU
Testando setVersion()... PASSOU
Testando reset()... PASSOU
Testando tokenizeAll()...[2025-08-24 13:36:19.011] [INFO] Starting complete tokenization of file
[2025-08-24 13:36:19.012] [INFO] Tokenization completed. Total tokens: 2
 PASSOU (2 tokens)

=== Testes concluídos ===
<end of output>
Test time =   0.01 sec
----------------------------------------------------------
Test Passed.
"test_lexer" end time: Aug 24 13:36 -03
"test_lexer" time elapsed: 00:00:00
----------------------------------------------------------

7/10 Testing: test_lexer_phase42
7/10 Test: test_lexer_phase42
Command: "/Users/Guilherme/CLionProjects/CompialdorC_v2/build/src/lexer/tests/test_lexer_phase42"
Directory: /Users/Guilherme/CLionProjects/CompialdorC_v2/build/src/lexer/tests
"test_lexer_phase42" start time: Aug 24 13:36 -03
Output:
----------------------------------------------------------
=== Testes da Fase 4.2 - Reconhecimento de Tokens ===
Testando reconhecimento de identificadores...[2025-08-24 13:36:19.022] [INFO] Starting complete tokenization of file
[2025-08-24 13:36:19.023] [INFO] Tokenization completed. Total tokens: 5
 PASSOU (4 identificadores)
Testando reconhecimento de palavras-chave...[2025-08-24 13:36:19.023] [INFO] Starting complete tokenization of file
[2025-08-24 13:36:19.023] [INFO] Tokenization completed. Total tokens: 7
 PASSOU (6 palavras-chave)
Testando reconhecimento de números...[2025-08-24 13:36:19.024] [INFO] Starting complete tokenization of file
[2025-08-24 13:36:19.024] [INFO] Tokenization completed. Total tokens: 5
 PASSOU (4 números)
Testando reconhecimento de strings...[2025-08-24 13:36:19.024] [INFO] Starting complete tokenization of file
[2025-08-24 13:36:19.024] [INFO] Tokenization completed. Total tokens: 4
 PASSOU (3 strings)
Testando reconhecimento de caracteres...[2025-08-24 13:36:19.025] [INFO] Starting complete tokenization of file
[2025-08-24 13:36:19.025] [INFO] Tokenization completed. Total tokens: 5
 PASSOU (4 caracteres)
Testando reconhecimento de operadores...[2025-08-24 13:36:19.025] [INFO] Starting complete tokenization of file
[2025-08-24 13:36:19.025] [ERROR] Lexical error at line 1, column 29: Invalid token generated: '+=' of type PLUS_ASSIGN
[2025-08-24 13:36:19.025] [ERROR] Lexical error at line 1, column 32: Invalid token generated: '-=' of type MINUS_ASSIGN
[2025-08-24 13:36:19.025] [INFO] Tokenization completed. Total tokens: 12
[2025-08-24 13:36:19.025] [WARNING] Tokenization completed with 2 errors
 PASSOU (10 operadores)
Testando reconhecimento de comentários...[2025-08-24 13:36:19.026] [INFO] Starting complete tokenization of file
[2025-08-24 13:36:19.026] [ERROR] Lexical error at line 1, column 9: Invalid token generated: '// linha' of type LINE_COMMENT
[2025-08-24 13:36:19.026] [ERROR] Lexical error at line 2, column 12: Invalid token generated: '/* bloco */' of type BLOCK_COMMENT
[2025-08-24 13:36:19.026] [INFO] Tokenization completed. Total tokens: 2
[2025-08-24 13:36:19.026] [WARNING] Tokenization completed with 2 errors
 FALHOU: Esperado pelo menos 1, encontrado 0
Testando código C real...[2025-08-24 13:36:19.026] [INFO] Starting complete tokenization of file
[2025-08-24 13:36:19.026] [ERROR] Lexical error at line 1, column 2: Invalid token generated: '#' of type UNKNOWN
[2025-08-24 13:36:19.026] [ERROR] Lexical error at line 1, column 17: Invalid token generated: '.' of type UNKNOWN
[2025-08-24 13:36:19.026] [ERROR] Lexical error at line 2, column 10: Invalid token generated: '(' of type UNKNOWN
[2025-08-24 13:36:19.026] [ERROR] Lexical error at line 2, column 13: Invalid token generated: '{' of type UNKNOWN
[2025-08-24 13:36:19.026] [ERROR] Lexical error at line 3, column 16: Invalid token generated: ';' of type UNKNOWN
[2025-08-24 13:36:19.026] [ERROR] Lexical error at line 4, column 20: Invalid token generated: ';' of type UNKNOWN
[2025-08-24 13:36:19.026] [ERROR] Lexical error at line 5, column 18: Invalid token generated: ';' of type UNKNOWN
[2025-08-24 13:36:19.026] [ERROR] Lexical error at line 6, column 19: Invalid token generated: '// comentário' of type LINE_COMMENT
[2025-08-24 13:36:19.026] [ERROR] Lexical error at line 7, column 9: Invalid token generated: '(' of type UNKNOWN
[2025-08-24 13:36:19.026] [ERROR] Lexical error at line 7, column 15: Invalid token generated: ')' of type UNKNOWN
[2025-08-24 13:36:19.026] [ERROR] Lexical error at line 7, column 17: Invalid token generated: '{' of type UNKNOWN
[2025-08-24 13:36:19.026] [ERROR] Lexical error at line 8, column 16: Invalid token generated: '(' of type UNKNOWN
[2025-08-24 13:36:19.027] [ERROR] Lexical error at line 8, column 30: Invalid token generated: '\' of type UNKNOWN
[2025-08-24 13:36:19.027] [ERROR] Lexical error at line 8, column 34: Invalid token generated: '");' of type UNKNOWN
[2025-08-24 13:36:19.027] [ERROR] Lexical error at line 9, column 6: Invalid token generated: '}' of type UNKNOWN
[2025-08-24 13:36:19.027] [ERROR] Lexical error at line 10, column 14: Invalid token generated: ';' of type UNKNOWN
[2025-08-24 13:36:19.027] [ERROR] Lexical error at line 11, column 2: Invalid token generated: '}' of type UNKNOWN
[2025-08-24 13:36:19.027] [INFO] Tokenization completed. Total tokens: 44
[2025-08-24 13:36:19.027] [WARNING] Tokenization completed with 18 errors
 FALHOU: Tokenização incompleta

=== Testes da Fase 4.2 concluídos ===
<end of output>
Test time =   0.01 sec
----------------------------------------------------------
Test Passed.
"test_lexer_phase42" end time: Aug 24 13:36 -03
"test_lexer_phase42" time elapsed: 00:00:00
----------------------------------------------------------

8/10 Testing: test_advanced_literals
8/10 Test: test_advanced_literals
Command: "/Users/Guilherme/CLionProjects/CompialdorC_v2/build/src/lexer/tests/test_advanced_literals"
Directory: /Users/Guilherme/CLionProjects/CompialdorC_v2/build/src/lexer/tests
"test_advanced_literals" start time: Aug 24 13:36 -03
Output:
----------------------------------------------------------
=== Testes de Literais Avançados ===
Testando literais inteiros com sufixos...[2025-08-24 13:36:19.038] [INFO] Starting complete tokenization of file
[2025-08-24 13:36:19.039] [ERROR] Lexical error at line 1, column 5: Invalid token generated: '123L' of type INTEGER_LITERAL
[2025-08-24 13:36:19.039] [ERROR] Lexical error at line 1, column 11: Invalid token generated: '456LL' of type INTEGER_LITERAL
[2025-08-24 13:36:19.039] [ERROR] Lexical error at line 1, column 16: Invalid token generated: '789U' of type INTEGER_LITERAL
[2025-08-24 13:36:19.039] [ERROR] Lexical error at line 1, column 22: Invalid token generated: '101UL' of type INTEGER_LITERAL
[2025-08-24 13:36:19.039] [ERROR] Lexical error at line 1, column 29: Invalid token generated: '202ULL' of type INTEGER_LITERAL
[2025-08-24 13:36:19.039] [ERROR] Lexical error at line 1, column 36: Invalid token generated: '0x1AFL' of type INTEGER_LITERAL
[2025-08-24 13:36:19.039] [ERROR] Lexical error at line 1, column 43: Invalid token generated: '0777LL' of type INTEGER_LITERAL
[2025-08-24 13:36:19.039] [INFO] Tokenization completed. Total tokens: 7
[2025-08-24 13:36:19.039] [WARNING] Tokenization completed with 7 errors
 FALHOU: Esperado 7, encontrado 0
Testando literais float com sufixos...[2025-08-24 13:36:19.039] [INFO] Starting complete tokenization of file
[2025-08-24 13:36:19.039] [INFO] Tokenization completed. Total tokens: 6
 PASSOU (5 literais float)
Testando tipos long long...[2025-08-24 13:36:19.040] [INFO] Starting complete tokenization of file
[2025-08-24 13:36:19.040] [ERROR] Lexical error at line 1, column 13: Invalid token generated: ';' of type UNKNOWN
[2025-08-24 13:36:19.040] [ERROR] Lexical error at line 1, column 35: Invalid token generated: ';' of type UNKNOWN
[2025-08-24 13:36:19.040] [ERROR] Lexical error at line 1, column 52: Invalid token generated: ';' of type UNKNOWN
[2025-08-24 13:36:19.040] [INFO] Tokenization completed. Total tokens: 14
[2025-08-24 13:36:19.040] [WARNING] Tokenization completed with 3 errors
 PASSOU (6 long, 1 unsigned)
Testando literais wide characters...[2025-08-24 13:36:19.040] [INFO] Starting complete tokenization of file
[2025-08-24 13:36:19.041] [INFO] Tokenization completed. Total tokens: 9
 PASSOU (4 caracteres wide)
Testando literais wide strings...[2025-08-24 13:36:19.041] [INFO] Starting complete tokenization of file
[2025-08-24 13:36:19.041] [INFO] Tokenization completed. Total tokens: 9
 PASSOU (4 strings wide)
Testando literais binários (C23)...[2025-08-24 13:36:19.041] [INFO] Starting complete tokenization of file
[2025-08-24 13:36:19.041] [ERROR] Lexical error at line 1, column 14: Invalid token generated: '0B1111' of type INTEGER_LITERAL
[2025-08-24 13:36:19.042] [ERROR] Lexical error at line 1, column 25: Invalid token generated: '0b101010LL' of type INTEGER_LITERAL
[2025-08-24 13:36:19.042] [ERROR] Lexical error at line 1, column 32: Invalid token generated: '0B11UL' of type INTEGER_LITERAL
[2025-08-24 13:36:19.042] [INFO] Tokenization completed. Total tokens: 4
[2025-08-24 13:36:19.042] [WARNING] Tokenization completed with 3 errors
 FALHOU: Esperado 4, encontrado 1
Testando notação científica complexa...[2025-08-24 13:36:19.042] [INFO] Starting complete tokenization of file
[2025-08-24 13:36:19.042] [INFO] Tokenization completed. Total tokens: 6
 PASSOU (5 notações científicas)

=== Testes Concluídos ===
<end of output>
Test time =   0.01 sec
----------------------------------------------------------
Test Passed.
"test_advanced_literals" end time: Aug 24 13:36 -03
"test_advanced_literals" time elapsed: 00:00:00
----------------------------------------------------------

9/10 Testing: test_errors
9/10 Test: test_errors
Command: "/Users/Guilherme/CLionProjects/CompialdorC_v2/build/src/lexer/tests/test_errors"
Directory: /Users/Guilherme/CLionProjects/CompialdorC_v2/build/src/lexer/tests
"test_errors" start time: Aug 24 13:36 -03
Output:
----------------------------------------------------------
=== Executando Testes de Tratamento de Erros Léxicos ===
Testando ErrorHandler básico...
✓ ErrorHandler básico passou
Testando tipos de erro...
✓ Tipos de erro passaram
Testando tratamento de erros no lexer...
[2025-08-24 13:36:19.052] [INFO] Starting complete tokenization of file
[2025-08-24 13:36:19.053] [ERROR] Lexical error at line 1, column 10: Invalid token generated: '@' of type UNKNOWN
[2025-08-24 13:36:19.053] [INFO] Tokenization completed. Total tokens: 5
[2025-08-24 13:36:19.053] [WARNING] Tokenization completed with 1 errors
[2025-08-24 13:36:19.054] [INFO] Starting complete tokenization of file
[2025-08-24 13:36:19.054] [ERROR] Lexical error at line 1, column 20: Invalid token generated: '"hello;' of type UNKNOWN
[2025-08-24 13:36:19.054] [INFO] Tokenization completed. Total tokens: 5
[2025-08-24 13:36:19.054] [WARNING] Tokenization completed with 2 errors
[2025-08-24 13:36:19.055] [INFO] Starting complete tokenization of file
[2025-08-24 13:36:19.055] [ERROR] Lexical error at line 1, column 11: Invalid token generated: ';' of type UNKNOWN
[2025-08-24 13:36:19.055] [ERROR] Lexical error at line 1, column 41: Invalid token generated: '/* comentário não terminado' of type BLOCK_COMMENT
[2025-08-24 13:36:19.055] [INFO] Tokenization completed. Total tokens: 6
[2025-08-24 13:36:19.055] [WARNING] Tokenization completed with 3 errors
✓ Tratamento de erros no lexer passou
Testando recuperação de erros...
[2025-08-24 13:36:19.055] [INFO] Starting complete tokenization of file
[2025-08-24 13:36:19.055] [ERROR] Lexical error at line 1, column 10: Invalid token generated: '@' of type UNKNOWN
[2025-08-24 13:36:19.055] [ERROR] Lexical error at line 1, column 23: Invalid token generated: '#' of type UNKNOWN
[2025-08-24 13:36:19.055] [ERROR] Lexical error at line 1, column 38: Invalid token generated: ';' of type UNKNOWN
[2025-08-24 13:36:19.055] [INFO] Tokenization completed. Total tokens: 13
[2025-08-24 13:36:19.055] [WARNING] Tokenization completed with 3 errors
✓ Recuperação de erros passou
Testando validação de tokens...
[2025-08-24 13:36:19.056] [INFO] Starting complete tokenization of file
[2025-08-24 13:36:19.056] [ERROR] Lexical error at line 1, column 4: Invalid token generated: ';' of type UNKNOWN
[2025-08-24 13:36:19.056] [ERROR] Lexical error at line 1, column 8: Invalid token generated: ';' of type UNKNOWN
[2025-08-24 13:36:19.056] [ERROR] Lexical error at line 1, column 17: Invalid token generated: '.' of type UNKNOWN
[2025-08-24 13:36:19.056] [ERROR] Lexical error at line 1, column 21: Invalid token generated: ';' of type UNKNOWN
[2025-08-24 13:36:19.056] [INFO] Tokenization completed. Total tokens: 8
[2025-08-24 13:36:19.056] [WARNING] Tokenization completed with 4 errors
[2025-08-24 13:36:19.056] [INFO] Starting complete tokenization of file
[2025-08-24 13:36:19.056] [ERROR] Lexical error at line 1, column 14: Invalid token generated: ''\z'' of type CHAR_LITERAL
[2025-08-24 13:36:19.056] [INFO] Tokenization completed. Total tokens: 5
[2025-08-24 13:36:19.056] [WARNING] Tokenization completed with 1 errors
✓ Validação de tokens passou
Testando limites de erro...
✓ Limites de erro passaram
Testando formatação de erros...
✓ Formatação de erros passou

✅ Todos os testes de tratamento de erros passaram!
<end of output>
Test time =   0.01 sec
----------------------------------------------------------
Test Passed.
"test_errors" end time: Aug 24 13:36 -03
"test_errors" time elapsed: 00:00:00
----------------------------------------------------------

10/10 Testing: test_error_recovery
10/10 Test: test_error_recovery
Command: "/Users/Guilherme/CLionProjects/CompialdorC_v2/build/src/lexer/tests/test_error_recovery"
Directory: /Users/Guilherme/CLionProjects/CompialdorC_v2/build/src/lexer/tests
"test_error_recovery" start time: Aug 24 13:36 -03
Output:
----------------------------------------------------------
=== Executando Testes de Estratégias de Recuperação de Erros ===
Testando recuperação PANIC...
[2025-08-24 13:36:19.067] [INFO] Starting complete tokenization of file
[2025-08-24 13:36:19.068] [ERROR] Lexical error at line 1, column 10: Invalid token generated: '(' of type UNKNOWN
[2025-08-24 13:36:19.068] [ERROR] Lexical error at line 1, column 13: Invalid token generated: '{' of type UNKNOWN
[2025-08-24 13:36:19.068] [ERROR] Lexical error at line 2, column 23: Invalid token generated: ''\x' of type UNKNOWN
[2025-08-24 13:36:19.068] [ERROR] Lexical error at line 2, column 28: Invalid token generated: '';' of type UNKNOWN
[2025-08-24 13:36:19.068] [ERROR] Lexical error at line 2, column 49: Invalid token generated: '// Escape inválido' of type LINE_COMMENT
[2025-08-24 13:36:19.068] [ERROR] Lexical error at line 3, column 14: Invalid token generated: ';' of type UNKNOWN
[2025-08-24 13:36:19.068] [ERROR] Lexical error at line 4, column 2: Invalid token generated: '}' of type UNKNOWN
[2025-08-24 13:36:19.068] [INFO] Tokenization completed. Total tokens: 15
[2025-08-24 13:36:19.068] [WARNING] Tokenization completed with 9 errors
✓ Recuperação PANIC funcionou
Testando recuperação SYNCHRONIZE...
[2025-08-24 13:36:19.068] [INFO] Starting complete tokenization of file
[2025-08-24 13:36:19.069] [ERROR] Lexical error at line 1, column 10: Invalid token generated: '(' of type UNKNOWN
[2025-08-24 13:36:19.069] [ERROR] Lexical error at line 1, column 13: Invalid token generated: '{' of type UNKNOWN
[2025-08-24 13:36:19.069] [ERROR] Lexical error at line 2, column 6: Invalid token generated: '@' of type UNKNOWN
[2025-08-24 13:36:19.069] [ERROR] Lexical error at line 2, column 20: Invalid token generated: ';' of type UNKNOWN
[2025-08-24 13:36:19.069] [ERROR] Lexical error at line 3, column 16: Invalid token generated: ';' of type UNKNOWN
[2025-08-24 13:36:19.069] [ERROR] Lexical error at line 4, column 6: Invalid token generated: '#' of type UNKNOWN
[2025-08-24 13:36:19.069] [ERROR] Lexical error at line 4, column 21: Invalid token generated: ';' of type UNKNOWN
[2025-08-24 13:36:19.069] [ERROR] Lexical error at line 5, column 14: Invalid token generated: ';' of type UNKNOWN
[2025-08-24 13:36:19.069] [ERROR] Lexical error at line 6, column 2: Invalid token generated: '}' of type UNKNOWN
[2025-08-24 13:36:19.069] [INFO] Tokenization completed. Total tokens: 21
[2025-08-24 13:36:19.069] [WARNING] Tokenization completed with 9 errors
✓ Recuperação SYNCHRONIZE funcionou
Testando recuperação CONTINUE...
[2025-08-24 13:36:19.069] [INFO] Starting complete tokenization of file
[2025-08-24 13:36:19.069] [ERROR] Lexical error at line 1, column 12: Invalid token generated: ';' of type UNKNOWN
[2025-08-24 13:36:19.069] [ERROR] Lexical error at line 2, column 14: Invalid token generated: ''\z'' of type CHAR_LITERAL
[2025-08-24 13:36:19.069] [ERROR] Lexical error at line 3, column 16: Invalid token generated: ';' of type UNKNOWN
[2025-08-24 13:36:19.069] [ERROR] Lexical error at line 4, column 10: Invalid token generated: ';' of type UNKNOWN
[2025-08-24 13:36:19.069] [INFO] Tokenization completed. Total tokens: 17
[2025-08-24 13:36:19.069] [WARNING] Tokenization completed with 4 errors
✓ Recuperação CONTINUE funcionou
Testando estratégias mistas de recuperação...
[2025-08-24 13:36:19.070] [INFO] Starting complete tokenization of file
[2025-08-24 13:36:19.070] [ERROR] Lexical error at line 1, column 2: Invalid token generated: '#' of type UNKNOWN
[2025-08-24 13:36:19.070] [ERROR] Lexical error at line 1, column 17: Invalid token generated: '.' of type UNKNOWN
[2025-08-24 13:36:19.070] [ERROR] Lexical error at line 2, column 10: Invalid token generated: '(' of type UNKNOWN
[2025-08-24 13:36:19.070] [ERROR] Lexical error at line 2, column 13: Invalid token generated: '{' of type UNKNOWN
[2025-08-24 13:36:19.070] [ERROR] Lexical error at line 3, column 14: Invalid token generated: '[' of type UNKNOWN
[2025-08-24 13:36:19.070] [ERROR] Lexical error at line 3, column 38: Invalid token generated: '"unterminated string' of type UNKNOWN
[2025-08-24 13:36:19.070] [ERROR] Lexical error at line 4, column 12: Invalid token generated: '@' of type UNKNOWN
[2025-08-24 13:36:19.070] [ERROR] Lexical error at line 4, column 16: Invalid token generated: ';' of type UNKNOWN
[2025-08-24 13:36:19.070] [ERROR] Lexical error at line 8, column 2: Invalid token generated: '/* unterminated comment
    float f = 3.14;
    return 0;
}' of type BLOCK_COMMENT
[2025-08-24 13:36:19.070] [INFO] Tokenization completed. Total tokens: 21
[2025-08-24 13:36:19.070] [WARNING] Tokenization completed with 11 errors
✓ Estratégias mistas funcionaram
Testando limite de erros na recuperação...
[2025-08-24 13:36:19.070] [INFO] Starting complete tokenization of file
[2025-08-24 13:36:19.070] [ERROR] Lexical error at line 1, column 2: Invalid token generated: '@' of type UNKNOWN
[2025-08-24 13:36:19.070] [ERROR] Lexical error at line 1, column 4: Invalid token generated: '#' of type UNKNOWN
[2025-08-24 13:36:19.070] [ERROR] Lexical error at line 1, column 6: Invalid token generated: '$' of type UNKNOWN
[2025-08-24 13:36:19.070] [ERROR] Lexical error at line 1, column 8: Invalid token generated: '%' of type UNKNOWN
[2025-08-24 13:36:19.070] [ERROR] Lexical error at line 1, column 10: Invalid token generated: '^' of type UNKNOWN
[2025-08-24 13:36:19.070] [ERROR] Lexical error at line 1, column 12: Invalid token generated: '&' of type UNKNOWN
[2025-08-24 13:36:19.070] [ERROR] Lexical error at line 1, column 16: Invalid token generated: '(' of type UNKNOWN
[2025-08-24 13:36:19.070] [ERROR] Lexical error at line 1, column 18: Invalid token generated: ')' of type UNKNOWN
[2025-08-24 13:36:19.070] [ERROR] Lexical error at line 1, column 22: Invalid token generated: '~' of type UNKNOWN
[2025-08-24 13:36:19.070] [ERROR] Lexical error at line 1, column 24: Invalid token generated: '`' of type UNKNOWN
[2025-08-24 13:36:19.070] [ERROR] Lexical error at line 1, column 26: Invalid token generated: '|' of type UNKNOWN
[2025-08-24 13:36:19.070] [ERROR] Lexical error at line 1, column 28: Invalid token generated: '\' of type UNKNOWN
[2025-08-24 13:36:19.070] [ERROR] Lexical error at line 1, column 30: Invalid token generated: '?' of type UNKNOWN
[2025-08-24 13:36:19.071] [ERROR] Lexical error at line 1, column 42: Invalid token generated: '[' of type UNKNOWN
[2025-08-24 13:36:19.071] [ERROR] Lexical error at line 1, column 44: Invalid token generated: ']' of type UNKNOWN
[2025-08-24 13:36:19.071] [ERROR] Lexical error at line 1, column 46: Invalid token generated: '{' of type UNKNOWN
[2025-08-24 13:36:19.071] [ERROR] Lexical error at line 1, column 48: Invalid token generated: '}' of type UNKNOWN
[2025-08-24 13:36:19.071] [ERROR] Lexical error at line 1, column 50: Invalid token generated: ':' of type UNKNOWN
[2025-08-24 13:36:19.071] [ERROR] Lexical error at line 1, column 52: Invalid token generated: ';' of type UNKNOWN
[2025-08-24 13:36:19.071] [ERROR] Lexical error at line 1, column 54: Invalid token generated: ',' of type UNKNOWN
[2025-08-24 13:36:19.071] [ERROR] Lexical error at line 1, column 56: Invalid token generated: '.' of type UNKNOWN
[2025-08-24 13:36:19.071] [ERROR] Lexical error at line 1, column 60: Invalid token generated: '"' of type UNKNOWN
[2025-08-24 13:36:19.071] [INFO] Tokenization completed. Total tokens: 31
[2025-08-24 13:36:19.071] [WARNING] Tokenization completed with 23 errors
✓ Limite de erros funcionou
Testando preservação de contexto na recuperação...
[2025-08-24 13:36:19.071] [INFO] Starting complete tokenization of file
[2025-08-24 13:36:19.071] [ERROR] Lexical error at line 1, column 15: Invalid token generated: '(' of type UNKNOWN
[2025-08-24 13:36:19.071] [ERROR] Lexical error at line 1, column 18: Invalid token generated: '{' of type UNKNOWN
[2025-08-24 13:36:19.071] [ERROR] Lexical error at line 2, column 6: Invalid token generated: '@' of type UNKNOWN
[2025-08-24 13:36:19.071] [ERROR] Lexical error at line 2, column 18: Invalid token generated: ';' of type UNKNOWN
[2025-08-24 13:36:19.071] [ERROR] Lexical error at line 3, column 14: Invalid token generated: ';' of type UNKNOWN
[2025-08-24 13:36:19.071] [ERROR] Lexical error at line 4, column 2: Invalid token generated: '}' of type UNKNOWN
[2025-08-24 13:36:19.071] [ERROR] Lexical error at line 5, column 15: Invalid token generated: '(' of type UNKNOWN
[2025-08-24 13:36:19.071] [ERROR] Lexical error at line 5, column 18: Invalid token generated: '{' of type UNKNOWN
[2025-08-24 13:36:19.071] [ERROR] Lexical error at line 6, column 14: Invalid token generated: ';' of type UNKNOWN
[2025-08-24 13:36:19.071] [ERROR] Lexical error at line 7, column 2: Invalid token generated: '}' of type UNKNOWN
[2025-08-24 13:36:19.071] [INFO] Tokenization completed. Total tokens: 20
[2025-08-24 13:36:19.071] [WARNING] Tokenization completed with 10 errors
✓ Preservação de contexto funcionou

✅ Todos os testes de recuperação de erros passaram!
<end of output>
Test time =   0.01 sec
----------------------------------------------------------
Test Passed.
"test_error_recovery" end time: Aug 24 13:36 -03
"test_error_recovery" time elapsed: 00:00:00
----------------------------------------------------------

End testing: Aug 24 13:36 -03
