Start testing: Aug 24 13:36 -03
----------------------------------------------------------
1/10 Testing: test_lexer_config
1/10 Test: test_lexer_config
Command: "/Users/Guilherme/CLionProjects/CompialdorC_v2/build/src/lexer/tests/test_lexer_config"
Directory: /Users/Guilherme/CLionProjects/CompialdorC_v2/build/src/lexer/tests
"test_lexer_config" start time: Aug 24 13:36 -03
Output:
----------------------------------------------------------
=== INICIANDO TESTES DA LEXERCONFIG ===

=== Teste de Constru√ß√£o B√°sica ===
[PASS] Vers√£o padr√£o √© C89
[PASS] Keywords n√£o est√£o vazias
[INFO] C89 tem 0 features habilitadas

=== Teste de Gerenciamento de Vers√£o ===
[PASS] Definir vers√£o C99
[PASS] Definir vers√£o C11
[PASS] Definir vers√£o C23

=== Teste de Palavras-chave B√°sicas ===
[PASS] 'int' √© palavra-chave
[PASS] 'char' √© palavra-chave
[PASS] 'float' √© palavra-chave
[PASS] 'double' √© palavra-chave
[PASS] 'void' √© palavra-chave
[PASS] 'if' √© palavra-chave
[PASS] 'else' √© palavra-chave
[PASS] 'while' √© palavra-chave
[PASS] 'for' √© palavra-chave
[PASS] 'return' √© palavra-chave
[PASS] 'myVariable' n√£o √© palavra-chave
[PASS] 'function_name' n√£o √© palavra-chave

=== Teste de Palavras-chave por Vers√£o ===
[PASS] C99: 'inline' √© palavra-chave
[PASS] C99: 'restrict' √© palavra-chave
[PASS] C99: '_Bool' √© palavra-chave
[PASS] C11: '_Atomic' √© palavra-chave
[PASS] C11: '_Static_assert' √© palavra-chave
[PASS] C11: '_Thread_local' √© palavra-chave

=== Teste de Gerenciamento de Features ===
[PASS] Feature ATOMIC_OPERATIONS habilitada
[PASS] Feature ATOMIC_OPERATIONS desabilitada
[PASS] Todas as features desabilitadas

=== Teste de Fun√ß√µes Utilit√°rias ===
[PASS] Convers√£o C89 para string
[PASS] Convers√£o C99 para string
[PASS] Convers√£o C11 para string
[PASS] Convers√£o C17 para string
[PASS] Convers√£o C23 para string
[PASS] Convers√£o string para C89
[PASS] Convers√£o string para C99
[PASS] Convers√£o string para C11
[PASS] Convers√£o string para C17
[PASS] Convers√£o string para C23

=== Teste de Operadores de Compara√ß√£o ===
[PASS] Configura√ß√µes iguais
[PASS] Operador != com configura√ß√µes iguais
[PASS] Configura√ß√µes diferentes
[PASS] Operador == com configura√ß√µes diferentes

=== TODOS OS TESTES PASSARAM! ===
<end of output>
Test time =   0.01 sec
----------------------------------------------------------
Test Passed.
"test_lexer_config" end time: Aug 24 13:36 -03
"test_lexer_config" time elapsed: 00:00:00
----------------------------------------------------------

2/10 Testing: test_symbol_table
2/10 Test: test_symbol_table
Command: "/Users/Guilherme/CLionProjects/CompialdorC_v2/build/src/lexer/tests/test_symbol_table"
Directory: /Users/Guilherme/CLionProjects/CompialdorC_v2/build/src/lexer/tests
"test_symbol_table" start time: Aug 24 13:36 -03
Output:
----------------------------------------------------------
=== Testes da SymbolTable (Fase 2.1) ===

Testando constru√ß√£o b√°sica... ‚úì
Testando inser√ß√£o e busca... ‚úì
Testando adi√ß√£o de ocorr√™ncias... ‚úì
Testando detec√ß√£o de palavras-chave... ‚úì
Testando integra√ß√£o com LexerConfig... ‚úì
Testando obten√ß√£o de todos os s√≠mbolos... ‚úì
Testando limpeza da tabela... ‚úì
Testando fator de carga e rehash... ‚úì
Testando impress√£o de estat√≠sticas... ‚úì

‚úÖ Todos os testes da SymbolTable passaram com sucesso!
üéâ Fase 2.1 implementada corretamente!
<end of output>
Test time =   0.01 sec
----------------------------------------------------------
Test Passed.
"test_symbol_table" end time: Aug 24 13:36 -03
"test_symbol_table" time elapsed: 00:00:00
----------------------------------------------------------

3/10 Testing: test_lookahead_buffer
3/10 Test: test_lookahead_buffer
Command: "/Users/Guilherme/CLionProjects/CompialdorC_v2/build/src/lexer/tests/test_lookahead_buffer"
Directory: /Users/Guilherme/CLionProjects/CompialdorC_v2/build/src/lexer/tests
"test_lookahead_buffer" start time: Aug 24 13:36 -03
Output:
----------------------------------------------------------
=== Testes do LookaheadBuffer ===

Testando construtor... PASSOU
Testando construtor com tamanho inv√°lido... PASSOU
Testando peek b√°sico... PASSOU
Testando peek com offset inv√°lido... PASSOU
Testando peek al√©m do EOF... PASSOU
Testando consume b√°sico... PASSOU
Testando consume em stream vazio... PASSOU
Testando putback... PASSOU
Testando putback m√∫ltiplo... PASSOU
Testando hasMore... PASSOU
Testando clear... PASSOU
Testando buffer pequeno com texto longo... PASSOU
Testando peek e consume intercalados... PASSOU
Testando expans√£o autom√°tica do buffer... PASSOU

=== TODOS OS TESTES PASSARAM! ===
<end of output>
Test time =   0.00 sec
----------------------------------------------------------
Test Passed.
"test_lookahead_buffer" end time: Aug 24 13:36 -03
"test_lookahead_buffer" time elapsed: 00:00:00
----------------------------------------------------------

4/10 Testing: test_lexer_logger
4/10 Test: test_lexer_logger
Command: "/Users/Guilherme/CLionProjects/CompialdorC_v2/build/src/lexer/tests/test_lexer_logger"
Directory: /Users/Guilherme/CLionProjects/CompialdorC_v2/build/src/lexer/tests
"test_lexer_logger" start time: Aug 24 13:36 -03
Output:
----------------------------------------------------------
=== Iniciando Testes do LexerLogger ===
Testando construtor do LexerLogger...
‚úì Construtor funcionando corretamente
Testando setLogLevel()...
‚úì setLogLevel funcionando corretamente
Testando controle de sa√≠da no console...
‚úì Controle de console funcionando corretamente
Testando sa√≠da para arquivo...
[2025-08-24 13:36:18.988] [INFO] Teste de escrita no arquivo
‚úì Sa√≠da para arquivo funcionando corretamente
Testando n√≠veis de log...
‚úì N√≠veis de log funcionando corretamente
Testando logToken()...
‚úì logToken funcionando corretamente
Testando logStateTransition()...
‚úì logStateTransition funcionando corretamente
Testando fun√ß√µes utilit√°rias...
‚úì Fun√ß√µes utilit√°rias funcionando corretamente
Testando cen√°rio completo de logging...
[2025-08-24 13:36:18.989] [INFO] Iniciando an√°lise l√©xica
[2025-08-24 13:36:18.990] [DEBUG] Token gerado: [Tipo: 23, Lexeme: 'int', Posi√ß√£o: (1,1)]
[2025-08-24 13:36:18.990] [DEBUG] Transi√ß√£o de estado: PROCESSING -> NEXT_TOKEN
[2025-08-24 13:36:18.990] [DEBUG] Token gerado: [Tipo: 2, Lexeme: 'main', Posi√ß√£o: (1,1)]
[2025-08-24 13:36:18.990] [DEBUG] Transi√ß√£o de estado: PROCESSING -> NEXT_TOKEN
[2025-08-24 13:36:18.990] [DEBUG] Token gerado: [Tipo: 95, Lexeme: '(', Posi√ß√£o: (1,1)]
[2025-08-24 13:36:18.990] [DEBUG] Transi√ß√£o de estado: PROCESSING -> NEXT_TOKEN
[2025-08-24 13:36:18.990] [DEBUG] Token gerado: [Tipo: 96, Lexeme: ')', Posi√ß√£o: (1,1)]
[2025-08-24 13:36:18.990] [DEBUG] Transi√ß√£o de estado: PROCESSING -> NEXT_TOKEN
[2025-08-24 13:36:18.990] [INFO] An√°lise l√©xica conclu√≠da
‚úì Cen√°rio completo funcionando corretamente

=== Todos os testes do LexerLogger passaram! ===
<end of output>
Test time =   0.01 sec
----------------------------------------------------------
Test Passed.
"test_lexer_logger" end time: Aug 24 13:36 -03
"test_lexer_logger" time elapsed: 00:00:00
----------------------------------------------------------

5/10 Testing: test_states
5/10 Test: test_states
Command: "/Users/Guilherme/CLionProjects/CompialdorC_v2/build/src/lexer/tests/test_states"
Directory: /Users/Guilherme/CLionProjects/CompialdorC_v2/build/src/lexer/tests
"test_states" start time: Aug 24 13:36 -03
Output:
----------------------------------------------------------
=== INICIANDO TESTES DA M√ÅQUINA DE ESTADOS ===

=== Testando Fun√ß√µes Utilit√°rias ===
[PASS] Fun√ß√µes Utilit√°rias

=== Testando Construtores da StateMachine ===
[PASS] Construtores da StateMachine

=== Testando M√©todos B√°sicos de Estado ===
[PASS] M√©todos B√°sicos de Estado

=== Testando Transi√ß√µes de Identificadores ===
[PASS] Transi√ß√µes de Identificadores

=== Testando Transi√ß√µes de N√∫meros Inteiros ===
[PASS] Transi√ß√µes de N√∫meros Inteiros

=== Testando Transi√ß√µes de N√∫meros Float ===
[PASS] Transi√ß√µes de N√∫meros Float

=== Testando Transi√ß√µes de Strings ===
[PASS] Transi√ß√µes de Strings

=== Testando Transi√ß√µes de Caracteres ===
[PASS] Transi√ß√µes de Caracteres

=== Testando Transi√ß√µes de Operadores ===
[PASS] Transi√ß√µes de Operadores

=== Testando Transi√ß√µes de Coment√°rios ===
[PASS] Transi√ß√µes de Coment√°rios

=== Testando Transi√ß√µes de Delimitadores ===
[PASS] Transi√ß√µes de Delimitadores

=== Testando M√©todos de Verifica√ß√£o de Estado ===
[PASS] M√©todos de Verifica√ß√£o de Estado

=== Testando M√©todos Utilit√°rios e Debug ===
[PASS] M√©todos Utilit√°rios e Debug

=== Testando Cen√°rio Completo ===
[PASS] Cen√°rio Completo

=== TODOS OS TESTES PASSARAM COM SUCESSO! ===
<end of output>
Test time =   0.01 sec
----------------------------------------------------------
Test Passed.
"test_states" end time: Aug 24 13:36 -03
"test_states" time elapsed: 00:00:00
----------------------------------------------------------

6/10 Testing: test_lexer
6/10 Test: test_lexer
Command: "/Users/Guilherme/CLionProjects/CompialdorC_v2/build/src/lexer/tests/test_lexer"
Directory: /Users/Guilherme/CLionProjects/CompialdorC_v2/build/src/lexer/tests
"test_lexer" start time: Aug 24 13:36 -03
Output:
----------------------------------------------------------
=== Testes da Fase 4.1 - LexerMain ===
Testando construtor e destrutor... PASSOU
Testando nextToken()... PASSOU
Testando hasMoreTokens()... PASSOU
Testando getCurrentPosition()... PASSOU
Testando setVersion()... PASSOU
Testando reset()... PASSOU
Testando tokenizeAll()...[2025-08-24 13:36:19.011] [INFO] Starting complete tokenization of file
[2025-08-24 13:36:19.012] [INFO] Tokenization completed. Total tokens: 2
 PASSOU (2 tokens)

=== Testes conclu√≠dos ===
<end of output>
Test time =   0.01 sec
----------------------------------------------------------
Test Passed.
"test_lexer" end time: Aug 24 13:36 -03
"test_lexer" time elapsed: 00:00:00
----------------------------------------------------------

7/10 Testing: test_lexer_phase42
7/10 Test: test_lexer_phase42
Command: "/Users/Guilherme/CLionProjects/CompialdorC_v2/build/src/lexer/tests/test_lexer_phase42"
Directory: /Users/Guilherme/CLionProjects/CompialdorC_v2/build/src/lexer/tests
"test_lexer_phase42" start time: Aug 24 13:36 -03
Output:
----------------------------------------------------------
=== Testes da Fase 4.2 - Reconhecimento de Tokens ===
Testando reconhecimento de identificadores...[2025-08-24 13:36:19.022] [INFO] Starting complete tokenization of file
[2025-08-24 13:36:19.023] [INFO] Tokenization completed. Total tokens: 5
 PASSOU (4 identificadores)
Testando reconhecimento de palavras-chave...[2025-08-24 13:36:19.023] [INFO] Starting complete tokenization of file
[2025-08-24 13:36:19.023] [INFO] Tokenization completed. Total tokens: 7
 PASSOU (6 palavras-chave)
Testando reconhecimento de n√∫meros...[2025-08-24 13:36:19.024] [INFO] Starting complete tokenization of file
[2025-08-24 13:36:19.024] [INFO] Tokenization completed. Total tokens: 5
 PASSOU (4 n√∫meros)
Testando reconhecimento de strings...[2025-08-24 13:36:19.024] [INFO] Starting complete tokenization of file
[2025-08-24 13:36:19.024] [INFO] Tokenization completed. Total tokens: 4
 PASSOU (3 strings)
Testando reconhecimento de caracteres...[2025-08-24 13:36:19.025] [INFO] Starting complete tokenization of file
[2025-08-24 13:36:19.025] [INFO] Tokenization completed. Total tokens: 5
 PASSOU (4 caracteres)
Testando reconhecimento de operadores...[2025-08-24 13:36:19.025] [INFO] Starting complete tokenization of file
[2025-08-24 13:36:19.025] [ERROR] Lexical error at line 1, column 29: Invalid token generated: '+=' of type PLUS_ASSIGN
[2025-08-24 13:36:19.025] [ERROR] Lexical error at line 1, column 32: Invalid token generated: '-=' of type MINUS_ASSIGN
[2025-08-24 13:36:19.025] [INFO] Tokenization completed. Total tokens: 12
[2025-08-24 13:36:19.025] [WARNING] Tokenization completed with 2 errors
 PASSOU (10 operadores)
Testando reconhecimento de coment√°rios...[2025-08-24 13:36:19.026] [INFO] Starting complete tokenization of file
[2025-08-24 13:36:19.026] [ERROR] Lexical error at line 1, column 9: Invalid token generated: '// linha' of type LINE_COMMENT
[2025-08-24 13:36:19.026] [ERROR] Lexical error at line 2, column 12: Invalid token generated: '/* bloco */' of type BLOCK_COMMENT
[2025-08-24 13:36:19.026] [INFO] Tokenization completed. Total tokens: 2
[2025-08-24 13:36:19.026] [WARNING] Tokenization completed with 2 errors
 FALHOU: Esperado pelo menos 1, encontrado 0
Testando c√≥digo C real...[2025-08-24 13:36:19.026] [INFO] Starting complete tokenization of file
[2025-08-24 13:36:19.026] [ERROR] Lexical error at line 1, column 2: Invalid token generated: '#' of type UNKNOWN
[2025-08-24 13:36:19.026] [ERROR] Lexical error at line 1, column 17: Invalid token generated: '.' of type UNKNOWN
[2025-08-24 13:36:19.026] [ERROR] Lexical error at line 2, column 10: Invalid token generated: '(' of type UNKNOWN
[2025-08-24 13:36:19.026] [ERROR] Lexical error at line 2, column 13: Invalid token generated: '{' of type UNKNOWN
[2025-08-24 13:36:19.026] [ERROR] Lexical error at line 3, column 16: Invalid token generated: ';' of type UNKNOWN
[2025-08-24 13:36:19.026] [ERROR] Lexical error at line 4, column 20: Invalid token generated: ';' of type UNKNOWN
[2025-08-24 13:36:19.026] [ERROR] Lexical error at line 5, column 18: Invalid token generated: ';' of type UNKNOWN
[2025-08-24 13:36:19.026] [ERROR] Lexical error at line 6, column 19: Invalid token generated: '// coment√°rio' of type LINE_COMMENT
[2025-08-24 13:36:19.026] [ERROR] Lexical error at line 7, column 9: Invalid token generated: '(' of type UNKNOWN
[2025-08-24 13:36:19.026] [ERROR] Lexical error at line 7, column 15: Invalid token generated: ')' of type UNKNOWN
[2025-08-24 13:36:19.026] [ERROR] Lexical error at line 7, column 17: Invalid token generated: '{' of type UNKNOWN
[2025-08-24 13:36:19.026] [ERROR] Lexical error at line 8, column 16: Invalid token generated: '(' of type UNKNOWN
[2025-08-24 13:36:19.027] [ERROR] Lexical error at line 8, column 30: Invalid token generated: '\' of type UNKNOWN
[2025-08-24 13:36:19.027] [ERROR] Lexical error at line 8, column 34: Invalid token generated: '");' of type UNKNOWN
[2025-08-24 13:36:19.027] [ERROR] Lexical error at line 9, column 6: Invalid token generated: '}' of type UNKNOWN
[2025-08-24 13:36:19.027] [ERROR] Lexical error at line 10, column 14: Invalid token generated: ';' of type UNKNOWN
[2025-08-24 13:36:19.027] [ERROR] Lexical error at line 11, column 2: Invalid token generated: '}' of type UNKNOWN
[2025-08-24 13:36:19.027] [INFO] Tokenization completed. Total tokens: 44
[2025-08-24 13:36:19.027] [WARNING] Tokenization completed with 18 errors
 FALHOU: Tokeniza√ß√£o incompleta

=== Testes da Fase 4.2 conclu√≠dos ===
<end of output>
Test time =   0.01 sec
----------------------------------------------------------
Test Passed.
"test_lexer_phase42" end time: Aug 24 13:36 -03
"test_lexer_phase42" time elapsed: 00:00:00
----------------------------------------------------------

8/10 Testing: test_advanced_literals
8/10 Test: test_advanced_literals
Command: "/Users/Guilherme/CLionProjects/CompialdorC_v2/build/src/lexer/tests/test_advanced_literals"
Directory: /Users/Guilherme/CLionProjects/CompialdorC_v2/build/src/lexer/tests
"test_advanced_literals" start time: Aug 24 13:36 -03
Output:
----------------------------------------------------------
=== Testes de Literais Avan√ßados ===
Testando literais inteiros com sufixos...[2025-08-24 13:36:19.038] [INFO] Starting complete tokenization of file
[2025-08-24 13:36:19.039] [ERROR] Lexical error at line 1, column 5: Invalid token generated: '123L' of type INTEGER_LITERAL
[2025-08-24 13:36:19.039] [ERROR] Lexical error at line 1, column 11: Invalid token generated: '456LL' of type INTEGER_LITERAL
[2025-08-24 13:36:19.039] [ERROR] Lexical error at line 1, column 16: Invalid token generated: '789U' of type INTEGER_LITERAL
[2025-08-24 13:36:19.039] [ERROR] Lexical error at line 1, column 22: Invalid token generated: '101UL' of type INTEGER_LITERAL
[2025-08-24 13:36:19.039] [ERROR] Lexical error at line 1, column 29: Invalid token generated: '202ULL' of type INTEGER_LITERAL
[2025-08-24 13:36:19.039] [ERROR] Lexical error at line 1, column 36: Invalid token generated: '0x1AFL' of type INTEGER_LITERAL
[2025-08-24 13:36:19.039] [ERROR] Lexical error at line 1, column 43: Invalid token generated: '0777LL' of type INTEGER_LITERAL
[2025-08-24 13:36:19.039] [INFO] Tokenization completed. Total tokens: 7
[2025-08-24 13:36:19.039] [WARNING] Tokenization completed with 7 errors
 FALHOU: Esperado 7, encontrado 0
Testando literais float com sufixos...[2025-08-24 13:36:19.039] [INFO] Starting complete tokenization of file
[2025-08-24 13:36:19.039] [INFO] Tokenization completed. Total tokens: 6
 PASSOU (5 literais float)
Testando tipos long long...[2025-08-24 13:36:19.040] [INFO] Starting complete tokenization of file
[2025-08-24 13:36:19.040] [ERROR] Lexical error at line 1, column 13: Invalid token generated: ';' of type UNKNOWN
[2025-08-24 13:36:19.040] [ERROR] Lexical error at line 1, column 35: Invalid token generated: ';' of type UNKNOWN
[2025-08-24 13:36:19.040] [ERROR] Lexical error at line 1, column 52: Invalid token generated: ';' of type UNKNOWN
[2025-08-24 13:36:19.040] [INFO] Tokenization completed. Total tokens: 14
[2025-08-24 13:36:19.040] [WARNING] Tokenization completed with 3 errors
 PASSOU (6 long, 1 unsigned)
Testando literais wide characters...[2025-08-24 13:36:19.040] [INFO] Starting complete tokenization of file
[2025-08-24 13:36:19.041] [INFO] Tokenization completed. Total tokens: 9
 PASSOU (4 caracteres wide)
Testando literais wide strings...[2025-08-24 13:36:19.041] [INFO] Starting complete tokenization of file
[2025-08-24 13:36:19.041] [INFO] Tokenization completed. Total tokens: 9
 PASSOU (4 strings wide)
Testando literais bin√°rios (C23)...[2025-08-24 13:36:19.041] [INFO] Starting complete tokenization of file
[2025-08-24 13:36:19.041] [ERROR] Lexical error at line 1, column 14: Invalid token generated: '0B1111' of type INTEGER_LITERAL
[2025-08-24 13:36:19.042] [ERROR] Lexical error at line 1, column 25: Invalid token generated: '0b101010LL' of type INTEGER_LITERAL
[2025-08-24 13:36:19.042] [ERROR] Lexical error at line 1, column 32: Invalid token generated: '0B11UL' of type INTEGER_LITERAL
[2025-08-24 13:36:19.042] [INFO] Tokenization completed. Total tokens: 4
[2025-08-24 13:36:19.042] [WARNING] Tokenization completed with 3 errors
 FALHOU: Esperado 4, encontrado 1
Testando nota√ß√£o cient√≠fica complexa...[2025-08-24 13:36:19.042] [INFO] Starting complete tokenization of file
[2025-08-24 13:36:19.042] [INFO] Tokenization completed. Total tokens: 6
 PASSOU (5 nota√ß√µes cient√≠ficas)

=== Testes Conclu√≠dos ===
<end of output>
Test time =   0.01 sec
----------------------------------------------------------
Test Passed.
"test_advanced_literals" end time: Aug 24 13:36 -03
"test_advanced_literals" time elapsed: 00:00:00
----------------------------------------------------------

9/10 Testing: test_errors
9/10 Test: test_errors
Command: "/Users/Guilherme/CLionProjects/CompialdorC_v2/build/src/lexer/tests/test_errors"
Directory: /Users/Guilherme/CLionProjects/CompialdorC_v2/build/src/lexer/tests
"test_errors" start time: Aug 24 13:36 -03
Output:
----------------------------------------------------------
=== Executando Testes de Tratamento de Erros L√©xicos ===
Testando ErrorHandler b√°sico...
‚úì ErrorHandler b√°sico passou
Testando tipos de erro...
‚úì Tipos de erro passaram
Testando tratamento de erros no lexer...
[2025-08-24 13:36:19.052] [INFO] Starting complete tokenization of file
[2025-08-24 13:36:19.053] [ERROR] Lexical error at line 1, column 10: Invalid token generated: '@' of type UNKNOWN
[2025-08-24 13:36:19.053] [INFO] Tokenization completed. Total tokens: 5
[2025-08-24 13:36:19.053] [WARNING] Tokenization completed with 1 errors
[2025-08-24 13:36:19.054] [INFO] Starting complete tokenization of file
[2025-08-24 13:36:19.054] [ERROR] Lexical error at line 1, column 20: Invalid token generated: '"hello;' of type UNKNOWN
[2025-08-24 13:36:19.054] [INFO] Tokenization completed. Total tokens: 5
[2025-08-24 13:36:19.054] [WARNING] Tokenization completed with 2 errors
[2025-08-24 13:36:19.055] [INFO] Starting complete tokenization of file
[2025-08-24 13:36:19.055] [ERROR] Lexical error at line 1, column 11: Invalid token generated: ';' of type UNKNOWN
[2025-08-24 13:36:19.055] [ERROR] Lexical error at line 1, column 41: Invalid token generated: '/* coment√°rio n√£o terminado' of type BLOCK_COMMENT
[2025-08-24 13:36:19.055] [INFO] Tokenization completed. Total tokens: 6
[2025-08-24 13:36:19.055] [WARNING] Tokenization completed with 3 errors
‚úì Tratamento de erros no lexer passou
Testando recupera√ß√£o de erros...
[2025-08-24 13:36:19.055] [INFO] Starting complete tokenization of file
[2025-08-24 13:36:19.055] [ERROR] Lexical error at line 1, column 10: Invalid token generated: '@' of type UNKNOWN
[2025-08-24 13:36:19.055] [ERROR] Lexical error at line 1, column 23: Invalid token generated: '#' of type UNKNOWN
[2025-08-24 13:36:19.055] [ERROR] Lexical error at line 1, column 38: Invalid token generated: ';' of type UNKNOWN
[2025-08-24 13:36:19.055] [INFO] Tokenization completed. Total tokens: 13
[2025-08-24 13:36:19.055] [WARNING] Tokenization completed with 3 errors
‚úì Recupera√ß√£o de erros passou
Testando valida√ß√£o de tokens...
[2025-08-24 13:36:19.056] [INFO] Starting complete tokenization of file
[2025-08-24 13:36:19.056] [ERROR] Lexical error at line 1, column 4: Invalid token generated: ';' of type UNKNOWN
[2025-08-24 13:36:19.056] [ERROR] Lexical error at line 1, column 8: Invalid token generated: ';' of type UNKNOWN
[2025-08-24 13:36:19.056] [ERROR] Lexical error at line 1, column 17: Invalid token generated: '.' of type UNKNOWN
[2025-08-24 13:36:19.056] [ERROR] Lexical error at line 1, column 21: Invalid token generated: ';' of type UNKNOWN
[2025-08-24 13:36:19.056] [INFO] Tokenization completed. Total tokens: 8
[2025-08-24 13:36:19.056] [WARNING] Tokenization completed with 4 errors
[2025-08-24 13:36:19.056] [INFO] Starting complete tokenization of file
[2025-08-24 13:36:19.056] [ERROR] Lexical error at line 1, column 14: Invalid token generated: ''\z'' of type CHAR_LITERAL
[2025-08-24 13:36:19.056] [INFO] Tokenization completed. Total tokens: 5
[2025-08-24 13:36:19.056] [WARNING] Tokenization completed with 1 errors
‚úì Valida√ß√£o de tokens passou
Testando limites de erro...
‚úì Limites de erro passaram
Testando formata√ß√£o de erros...
‚úì Formata√ß√£o de erros passou

‚úÖ Todos os testes de tratamento de erros passaram!
<end of output>
Test time =   0.01 sec
----------------------------------------------------------
Test Passed.
"test_errors" end time: Aug 24 13:36 -03
"test_errors" time elapsed: 00:00:00
----------------------------------------------------------

10/10 Testing: test_error_recovery
10/10 Test: test_error_recovery
Command: "/Users/Guilherme/CLionProjects/CompialdorC_v2/build/src/lexer/tests/test_error_recovery"
Directory: /Users/Guilherme/CLionProjects/CompialdorC_v2/build/src/lexer/tests
"test_error_recovery" start time: Aug 24 13:36 -03
Output:
----------------------------------------------------------
=== Executando Testes de Estrat√©gias de Recupera√ß√£o de Erros ===
Testando recupera√ß√£o PANIC...
[2025-08-24 13:36:19.067] [INFO] Starting complete tokenization of file
[2025-08-24 13:36:19.068] [ERROR] Lexical error at line 1, column 10: Invalid token generated: '(' of type UNKNOWN
[2025-08-24 13:36:19.068] [ERROR] Lexical error at line 1, column 13: Invalid token generated: '{' of type UNKNOWN
[2025-08-24 13:36:19.068] [ERROR] Lexical error at line 2, column 23: Invalid token generated: ''\x' of type UNKNOWN
[2025-08-24 13:36:19.068] [ERROR] Lexical error at line 2, column 28: Invalid token generated: '';' of type UNKNOWN
[2025-08-24 13:36:19.068] [ERROR] Lexical error at line 2, column 49: Invalid token generated: '// Escape inv√°lido' of type LINE_COMMENT
[2025-08-24 13:36:19.068] [ERROR] Lexical error at line 3, column 14: Invalid token generated: ';' of type UNKNOWN
[2025-08-24 13:36:19.068] [ERROR] Lexical error at line 4, column 2: Invalid token generated: '}' of type UNKNOWN
[2025-08-24 13:36:19.068] [INFO] Tokenization completed. Total tokens: 15
[2025-08-24 13:36:19.068] [WARNING] Tokenization completed with 9 errors
‚úì Recupera√ß√£o PANIC funcionou
Testando recupera√ß√£o SYNCHRONIZE...
[2025-08-24 13:36:19.068] [INFO] Starting complete tokenization of file
[2025-08-24 13:36:19.069] [ERROR] Lexical error at line 1, column 10: Invalid token generated: '(' of type UNKNOWN
[2025-08-24 13:36:19.069] [ERROR] Lexical error at line 1, column 13: Invalid token generated: '{' of type UNKNOWN
[2025-08-24 13:36:19.069] [ERROR] Lexical error at line 2, column 6: Invalid token generated: '@' of type UNKNOWN
[2025-08-24 13:36:19.069] [ERROR] Lexical error at line 2, column 20: Invalid token generated: ';' of type UNKNOWN
[2025-08-24 13:36:19.069] [ERROR] Lexical error at line 3, column 16: Invalid token generated: ';' of type UNKNOWN
[2025-08-24 13:36:19.069] [ERROR] Lexical error at line 4, column 6: Invalid token generated: '#' of type UNKNOWN
[2025-08-24 13:36:19.069] [ERROR] Lexical error at line 4, column 21: Invalid token generated: ';' of type UNKNOWN
[2025-08-24 13:36:19.069] [ERROR] Lexical error at line 5, column 14: Invalid token generated: ';' of type UNKNOWN
[2025-08-24 13:36:19.069] [ERROR] Lexical error at line 6, column 2: Invalid token generated: '}' of type UNKNOWN
[2025-08-24 13:36:19.069] [INFO] Tokenization completed. Total tokens: 21
[2025-08-24 13:36:19.069] [WARNING] Tokenization completed with 9 errors
‚úì Recupera√ß√£o SYNCHRONIZE funcionou
Testando recupera√ß√£o CONTINUE...
[2025-08-24 13:36:19.069] [INFO] Starting complete tokenization of file
[2025-08-24 13:36:19.069] [ERROR] Lexical error at line 1, column 12: Invalid token generated: ';' of type UNKNOWN
[2025-08-24 13:36:19.069] [ERROR] Lexical error at line 2, column 14: Invalid token generated: ''\z'' of type CHAR_LITERAL
[2025-08-24 13:36:19.069] [ERROR] Lexical error at line 3, column 16: Invalid token generated: ';' of type UNKNOWN
[2025-08-24 13:36:19.069] [ERROR] Lexical error at line 4, column 10: Invalid token generated: ';' of type UNKNOWN
[2025-08-24 13:36:19.069] [INFO] Tokenization completed. Total tokens: 17
[2025-08-24 13:36:19.069] [WARNING] Tokenization completed with 4 errors
‚úì Recupera√ß√£o CONTINUE funcionou
Testando estrat√©gias mistas de recupera√ß√£o...
[2025-08-24 13:36:19.070] [INFO] Starting complete tokenization of file
[2025-08-24 13:36:19.070] [ERROR] Lexical error at line 1, column 2: Invalid token generated: '#' of type UNKNOWN
[2025-08-24 13:36:19.070] [ERROR] Lexical error at line 1, column 17: Invalid token generated: '.' of type UNKNOWN
[2025-08-24 13:36:19.070] [ERROR] Lexical error at line 2, column 10: Invalid token generated: '(' of type UNKNOWN
[2025-08-24 13:36:19.070] [ERROR] Lexical error at line 2, column 13: Invalid token generated: '{' of type UNKNOWN
[2025-08-24 13:36:19.070] [ERROR] Lexical error at line 3, column 14: Invalid token generated: '[' of type UNKNOWN
[2025-08-24 13:36:19.070] [ERROR] Lexical error at line 3, column 38: Invalid token generated: '"unterminated string' of type UNKNOWN
[2025-08-24 13:36:19.070] [ERROR] Lexical error at line 4, column 12: Invalid token generated: '@' of type UNKNOWN
[2025-08-24 13:36:19.070] [ERROR] Lexical error at line 4, column 16: Invalid token generated: ';' of type UNKNOWN
[2025-08-24 13:36:19.070] [ERROR] Lexical error at line 8, column 2: Invalid token generated: '/* unterminated comment
    float f = 3.14;
    return 0;
}' of type BLOCK_COMMENT
[2025-08-24 13:36:19.070] [INFO] Tokenization completed. Total tokens: 21
[2025-08-24 13:36:19.070] [WARNING] Tokenization completed with 11 errors
‚úì Estrat√©gias mistas funcionaram
Testando limite de erros na recupera√ß√£o...
[2025-08-24 13:36:19.070] [INFO] Starting complete tokenization of file
[2025-08-24 13:36:19.070] [ERROR] Lexical error at line 1, column 2: Invalid token generated: '@' of type UNKNOWN
[2025-08-24 13:36:19.070] [ERROR] Lexical error at line 1, column 4: Invalid token generated: '#' of type UNKNOWN
[2025-08-24 13:36:19.070] [ERROR] Lexical error at line 1, column 6: Invalid token generated: '$' of type UNKNOWN
[2025-08-24 13:36:19.070] [ERROR] Lexical error at line 1, column 8: Invalid token generated: '%' of type UNKNOWN
[2025-08-24 13:36:19.070] [ERROR] Lexical error at line 1, column 10: Invalid token generated: '^' of type UNKNOWN
[2025-08-24 13:36:19.070] [ERROR] Lexical error at line 1, column 12: Invalid token generated: '&' of type UNKNOWN
[2025-08-24 13:36:19.070] [ERROR] Lexical error at line 1, column 16: Invalid token generated: '(' of type UNKNOWN
[2025-08-24 13:36:19.070] [ERROR] Lexical error at line 1, column 18: Invalid token generated: ')' of type UNKNOWN
[2025-08-24 13:36:19.070] [ERROR] Lexical error at line 1, column 22: Invalid token generated: '~' of type UNKNOWN
[2025-08-24 13:36:19.070] [ERROR] Lexical error at line 1, column 24: Invalid token generated: '`' of type UNKNOWN
[2025-08-24 13:36:19.070] [ERROR] Lexical error at line 1, column 26: Invalid token generated: '|' of type UNKNOWN
[2025-08-24 13:36:19.070] [ERROR] Lexical error at line 1, column 28: Invalid token generated: '\' of type UNKNOWN
[2025-08-24 13:36:19.070] [ERROR] Lexical error at line 1, column 30: Invalid token generated: '?' of type UNKNOWN
[2025-08-24 13:36:19.071] [ERROR] Lexical error at line 1, column 42: Invalid token generated: '[' of type UNKNOWN
[2025-08-24 13:36:19.071] [ERROR] Lexical error at line 1, column 44: Invalid token generated: ']' of type UNKNOWN
[2025-08-24 13:36:19.071] [ERROR] Lexical error at line 1, column 46: Invalid token generated: '{' of type UNKNOWN
[2025-08-24 13:36:19.071] [ERROR] Lexical error at line 1, column 48: Invalid token generated: '}' of type UNKNOWN
[2025-08-24 13:36:19.071] [ERROR] Lexical error at line 1, column 50: Invalid token generated: ':' of type UNKNOWN
[2025-08-24 13:36:19.071] [ERROR] Lexical error at line 1, column 52: Invalid token generated: ';' of type UNKNOWN
[2025-08-24 13:36:19.071] [ERROR] Lexical error at line 1, column 54: Invalid token generated: ',' of type UNKNOWN
[2025-08-24 13:36:19.071] [ERROR] Lexical error at line 1, column 56: Invalid token generated: '.' of type UNKNOWN
[2025-08-24 13:36:19.071] [ERROR] Lexical error at line 1, column 60: Invalid token generated: '"' of type UNKNOWN
[2025-08-24 13:36:19.071] [INFO] Tokenization completed. Total tokens: 31
[2025-08-24 13:36:19.071] [WARNING] Tokenization completed with 23 errors
‚úì Limite de erros funcionou
Testando preserva√ß√£o de contexto na recupera√ß√£o...
[2025-08-24 13:36:19.071] [INFO] Starting complete tokenization of file
[2025-08-24 13:36:19.071] [ERROR] Lexical error at line 1, column 15: Invalid token generated: '(' of type UNKNOWN
[2025-08-24 13:36:19.071] [ERROR] Lexical error at line 1, column 18: Invalid token generated: '{' of type UNKNOWN
[2025-08-24 13:36:19.071] [ERROR] Lexical error at line 2, column 6: Invalid token generated: '@' of type UNKNOWN
[2025-08-24 13:36:19.071] [ERROR] Lexical error at line 2, column 18: Invalid token generated: ';' of type UNKNOWN
[2025-08-24 13:36:19.071] [ERROR] Lexical error at line 3, column 14: Invalid token generated: ';' of type UNKNOWN
[2025-08-24 13:36:19.071] [ERROR] Lexical error at line 4, column 2: Invalid token generated: '}' of type UNKNOWN
[2025-08-24 13:36:19.071] [ERROR] Lexical error at line 5, column 15: Invalid token generated: '(' of type UNKNOWN
[2025-08-24 13:36:19.071] [ERROR] Lexical error at line 5, column 18: Invalid token generated: '{' of type UNKNOWN
[2025-08-24 13:36:19.071] [ERROR] Lexical error at line 6, column 14: Invalid token generated: ';' of type UNKNOWN
[2025-08-24 13:36:19.071] [ERROR] Lexical error at line 7, column 2: Invalid token generated: '}' of type UNKNOWN
[2025-08-24 13:36:19.071] [INFO] Tokenization completed. Total tokens: 20
[2025-08-24 13:36:19.071] [WARNING] Tokenization completed with 10 errors
‚úì Preserva√ß√£o de contexto funcionou

‚úÖ Todos os testes de recupera√ß√£o de erros passaram!
<end of output>
Test time =   0.01 sec
----------------------------------------------------------
Test Passed.
"test_error_recovery" end time: Aug 24 13:36 -03
"test_error_recovery" time elapsed: 00:00:00
----------------------------------------------------------

End testing: Aug 24 13:36 -03
